<?xml version="1.0" encoding="UTF-8"?>
<testsuite xmlns:xsi="http://www.w3.org/2001/XMLSchema-instance" xsi:noNamespaceSchemaLocation="https://maven.apache.org/surefire/maven-surefire-plugin/xsd/surefire-test-report.xsd" version="3.0.2" name="com.dowson.codegen.controller.BizCodegenControllerTests" time="8.257" tests="1" errors="0" skipped="0" failures="0">
  <properties>
[...]
</properties>
  <testcase name="bizDryRunFromInlineSpec" classname="com.dowson.codegen.controller.BizCodegenControllerTests" time="1.775">
    <system-out><![CDATA[11:18:52.291 [main] INFO org.springframework.test.context.support.AnnotationConfigContextLoaderUtils -- Could not detect default configuration classes for test class [com.dowson.codegen.controller.BizCodegenControllerTests]: BizCodegenControllerTests does not declare any static, non-private, non-final, nested classes annotated with @Configuration.
11:18:52.618 [main] INFO org.springframework.boot.test.context.SpringBootTestContextBootstrapper -- Found @SpringBootConfiguration com.dowson.codegen.CodegenApplication for test class com.dowson.codegen.controller.BizCodegenControllerTests

  .   ____          _            __ _ _
 /\\ / ___'_ __ _ _(_)_ __  __ _ \ \ \ \
( ( )\___ | '_ | '_| | '_ \/ _` | \ \ \ \
 \\/  ___)| |_)| | | | | || (_| |  ) ) ) )
  '  |____| .__|_| |_|_| |_\__, | / / / /
 =========|_|==============|___/=/_/_/_/

 :: Spring Boot ::                (v3.5.7)

2025-12-15T11:18:53.775+08:00  INFO 61096 --- [           main] c.d.c.c.BizCodegenControllerTests        : Starting BizCodegenControllerTests using Java 21.0.3 with PID 61096 (started by 86182 in D:\Java_learn\java_learn\demo\codegen-java)
2025-12-15T11:18:53.777+08:00  INFO 61096 --- [           main] c.d.c.c.BizCodegenControllerTests        : The following 1 profile is active: "test"
2025-12-15T11:18:55.913+08:00  WARN 61096 --- [           main] o.m.s.mapper.ClassPathMapperScanner      : No MyBatis mapper was found in '[com.dowson.codegen]' package. Please check your configuration.
 _ _   |_  _ _|_. ___ _ |    _ 
| | |\/|_)(_| | |_\  |_)||_|_\ 
     /               |         
                        3.5.5 
2025-12-15T11:18:58.398+08:00  INFO 61096 --- [           main] o.s.b.t.m.w.SpringBootMockServletContext : Initializing Spring TestDispatcherServlet ''
2025-12-15T11:18:58.398+08:00  INFO 61096 --- [           main] o.s.t.web.servlet.TestDispatcherServlet  : Initializing Servlet ''
2025-12-15T11:18:58.401+08:00  INFO 61096 --- [           main] o.s.t.web.servlet.TestDispatcherServlet  : Completed initialization in 2 ms
2025-12-15T11:18:58.450+08:00  INFO 61096 --- [           main] c.d.c.c.BizCodegenControllerTests        : Started BizCodegenControllerTests in 5.545 seconds (process running for 7.689)
2025-12-15T11:19:00.191+08:00  INFO 61096 --- [           main] c.d.codegen.service.BizCodegenService    : dryRun biz module=test-demo-biz, package=com.dowson.testdemo.biz, entities=1
]]></system-out>
    <system-err><![CDATA[Mockito is currently self-attaching to enable the inline-mock-maker. This will no longer work in future releases of the JDK. Please add Mockito as an agent to your build as described in Mockito's documentation: https://javadoc.io/doc/org.mockito/mockito-core/latest/org.mockito/org/mockito/Mockito.html#0.3
WARNING: A Java agent has been loaded dynamically (D:\develop\apache-maven-3.9.10\mvn_resp\net\bytebuddy\byte-buddy-agent\1.17.8\byte-buddy-agent-1.17.8.jar)
WARNING: If a serviceability tool is in use, please run with -XX:+EnableDynamicAgentLoading to hide this warning
WARNING: If a serviceability tool is not in use, please run with -Djdk.instrument.traceUsage for more information
WARNING: Dynamic loading of agents will be disallowed by default in a future release
]]></system-err>
  </testcase>
</testsuite>